2019-03-18 21:54:01.214 [INF] RPC D:/gopath/src/naichadouban/gorpc/gorpc/gorpc.go:51: rpc server listen :[::]:8009
2019-03-18 21:54:19.197 [INF] RPC D:/gopath/src/naichadouban/gorpc/gorpc/gorpc.go:61: receive request:POST / HTTP/1.1
Host: localhost:8009
Connection: close
Accept: */*
Accept-Encoding: gzip, deflate, br
Accept-Language: zh-CN,zh;q=0.9,en;q=0.8
Cache-Control: no-cache
Connection: keep-alive
Content-Length: 84
Content-Type: application/json
Origin: chrome-extension://fhbjgbiflinjbdggehcddcbncdddomop
Postman-Token: 6dcd986c-2fd7-d7cb-aa51-27c2cdc27276
User-Agent: Mozilla/5.0 (Windows NT 10.0; Win64; x64) AppleWebKit/537.36 (KHTML, like Gecko) Chrome/72.0.3626.121 Safari/537.36

{"id":10,"method":"getblock","params":["asdfasdffasdfasdf1465asdf"],"jsonrpc":"2.0"}
2019-03-18 21:58:06.438 [INF] RPC D:/gopath/src/naichadouban/gorpc/gorpc/gorpc.go:51: rpc server listen :[::]:8009
2019-03-18 21:58:20.631 [INF] RPC D:/gopath/src/naichadouban/gorpc/gorpc/gorpc.go:61: receive request:POST / HTTP/1.1
Host: localhost:8009
Connection: close
Accept: */*
Accept-Encoding: gzip, deflate, br
Accept-Language: zh-CN,zh;q=0.9,en;q=0.8
Cache-Control: no-cache
Connection: keep-alive
Content-Length: 85
Content-Type: application/json
Origin: chrome-extension://fhbjgbiflinjbdggehcddcbncdddomop
Postman-Token: 570a3c43-f793-43c4-8006-48971d49525e
User-Agent: Mozilla/5.0 (Windows NT 10.0; Win64; x64) AppleWebKit/537.36 (KHTML, like Gecko) Chrome/72.0.3626.121 Safari/537.36

{"id":10,"method":"getreadme","params":["asdfasdffasdfasdf1465asdf"],"jsonrpc":"2.0"}
2019-03-18 21:58:20.631 [INF] RPC D:/gopath/src/naichadouban/gorpc/gorpc/gorpc.go:179: rpcjson.UnmarshalCmd error:"getreadme" is not register
